KJLibraryExample/build/outputs/logs/manifest-merger-debug-report.txt
-- Merging decision tree log ---
manifest
ADDED from src\main\AndroidManifest.xml:2:1-43:12
	package
		ADDED from src\main\AndroidManifest.xml:3:5-37
	android:versionName
		ADDED from src\main\AndroidManifest.xml:5:5-30
		INJECTED from src\main\AndroidManifest.xml
		INJECTED from src\main\AndroidManifest.xml
	android:versionCode
		ADDED from src\main\AndroidManifest.xml:4:5-28
		INJECTED from src\main\AndroidManifest.xml
		INJECTED from src\main\AndroidManifest.xml
	xmlns:android
		ADDED from src\main\AndroidManifest.xml:2:11-69
uses-sdk
ADDED from src\main\AndroidManifest.xml:7:5-9:41
MERGED from [SunnyDemo1:KJFrame:unspecified] AndroidManifest.xml:7:5-9:41
	android:targetSdkVersion
		ADDED from src\main\AndroidManifest.xml:9:9-38
		INJECTED from src\main\AndroidManifest.xml
		INJECTED from src\main\AndroidManifest.xml
	android:minSdkVersion
		ADDED from src\main\AndroidManifest.xml:8:9-35
		INJECTED from src\main\AndroidManifest.xml
		INJECTED from src\main\AndroidManifest.xml
uses-permission#android.permission.INTERNET
ADDED from src\main\AndroidManifest.xml:11:5-67
	android:name
		ADDED from src\main\AndroidManifest.xml:11:22-64
uses-permission#android.permission.WRITE_EXTERNAL_STORAGE
ADDED from src\main\AndroidManifest.xml:12:5-81
	android:name
		ADDED from src\main\AndroidManifest.xml:12:22-78
application
ADDED from src\main\AndroidManifest.xml:14:5-41:19
MERGED from [SunnyDemo1:KJFrame:unspecified] AndroidManifest.xml:11:5-47
	android:label
		ADDED from src\main\AndroidManifest.xml:18:9-41
	android:allowBackup
		ADDED from src\main\AndroidManifest.xml:16:9-35
	android:icon
		ADDED from src\main\AndroidManifest.xml:17:9-45
	android:theme
		ADDED from src\main\AndroidManifest.xml:19:9-40
	android:name
		ADDED from src\main\AndroidManifest.xml:15:9-57
activity#org.kymjs.kjframe.demo.MainActivity
ADDED from src\main\AndroidManifest.xml:20:9-28:20
	android:label
		ADDED from src\main\AndroidManifest.xml:22:13-45
	android:name
		ADDED from src\main\AndroidManifest.xml:21:13-41
intent-filter#android.intent.action.MAIN+android.intent.category.LAUNCHER
ADDED from src\main\AndroidManifest.xml:23:13-27:29
action#android.intent.action.MAIN
ADDED from src\main\AndroidManifest.xml:24:17-69
	android:name
		ADDED from src\main\AndroidManifest.xml:24:25-66
category#android.intent.category.LAUNCHER
ADDED from src\main\AndroidManifest.xml:26:17-77
	android:name
		ADDED from src\main\AndroidManifest.xml:26:27-74
activity#org.kymjs.kjframe.demo.OOMCheckActivity
ADDED from src\main\AndroidManifest.xml:29:9-76
	android:name
		ADDED from src\main\AndroidManifest.xml:29:19-73
activity#org.kymjs.kjframe.demo.HttpActivity
ADDED from src\main\AndroidManifest.xml:30:9-72
	android:name
		ADDED from src\main\AndroidManifest.xml:30:19-69
activity#org.kymjs.kjframe.demo.BitmapActivity
ADDED from src\main\AndroidManifest.xml:31:9-74
	android:name
		ADDED from src\main\AndroidManifest.xml:31:19-71
activity#org.kymjs.kjframe.demo.DBActivity
ADDED from src\main\AndroidManifest.xml:32:9-70
	android:name
		ADDED from src\main\AndroidManifest.xml:32:19-67
activity#org.kymjs.kjframe.demo.PluginActivity
ADDED from src\main\AndroidManifest.xml:33:9-74
	android:name
		ADDED from src\main\AndroidManifest.xml:33:19-71
activity#org.kymjs.kjframe.demo.WidgetActivity
ADDED from src\main\AndroidManifest.xml:34:9-74
	android:name
		ADDED from src\main\AndroidManifest.xml:34:19-71
activity#org.kymjs.kjframe.demo.widget.KJSlidingMenuDemo
ADDED from src\main\AndroidManifest.xml:35:9-84
	android:name
		ADDED from src\main\AndroidManifest.xml:35:19-81
activity#org.kymjs.kjframe.demo.widget.KJListViewDemo
ADDED from src\main\AndroidManifest.xml:36:9-81
	android:name
		ADDED from src\main\AndroidManifest.xml:36:19-78
activity#org.kymjs.kjframe.demo.widget.ScaleImageDemo
ADDED from src\main\AndroidManifest.xml:37:9-81
	android:name
		ADDED from src\main\AndroidManifest.xml:37:19-78
activity#org.kymjs.kjframe.demo.widget.NewListViewDemo
ADDED from src\main\AndroidManifest.xml:38:9-82
	android:name
		ADDED from src\main\AndroidManifest.xml:38:19-79
activity#org.kymjs.kjframe.plugin.CJProxyActivity
ADDED from src\main\AndroidManifest.xml:39:9-76
	android:name
		ADDED from src\main\AndroidManifest.xml:39:19-74
service#org.kymjs.kjframe.plugin.CJProxyService
ADDED from src\main\AndroidManifest.xml:40:9-74
	android:name
		ADDED from src\main\AndroidManifest.xml:40:18-72